<?xml version="1.0" encoding="UTF-8"?>
<!-- Generated by org.testng.reporters.JUnitReportReporter -->
<testsuite hostname="RaselPC" failures="0" tests="14" name="com.techshop.runner.Runner" time="0.514" errors="14" timestamp="14 Nov 2022 03:12:23 GMT" skipped="0">
  <testcase classname="com.techshop.runner.Runner" name="runScenario" time="0.036">
    <error message="Cannot invoke &quot;java.util.Properties.getProperty(String)&quot; because &quot;com.techshop.base.Base.property&quot; is null" type="java.lang.NullPointerException">
      <![CDATA[java.lang.NullPointerException: Cannot invoke "java.util.Properties.getProperty(String)" because "com.techshop.base.Base.property" is null
at com.techshop.base.Base.setUp(Base.java:35)
at com.techshop.hooks.Hooks.initialize(Hooks.java:11)
]]>
    </error>
  </testcase> <!-- runScenario -->
  <testcase classname="com.techshop.runner.Runner" name="runScenario" time="0.025">
    <error message="Cannot invoke &quot;java.util.Properties.getProperty(String)&quot; because &quot;com.techshop.base.Base.property&quot; is null" type="java.lang.NullPointerException">
      <![CDATA[java.lang.NullPointerException: Cannot invoke "java.util.Properties.getProperty(String)" because "com.techshop.base.Base.property" is null
at com.techshop.base.Base.setUp(Base.java:35)
at com.techshop.hooks.Hooks.initialize(Hooks.java:11)
]]>
    </error>
  </testcase> <!-- runScenario -->
  <testcase classname="com.techshop.runner.Runner" name="runScenario" time="0.031">
    <error message="Cannot invoke &quot;java.util.Properties.getProperty(String)&quot; because &quot;com.techshop.base.Base.property&quot; is null" type="java.lang.NullPointerException">
      <![CDATA[java.lang.NullPointerException: Cannot invoke "java.util.Properties.getProperty(String)" because "com.techshop.base.Base.property" is null
at com.techshop.base.Base.setUp(Base.java:35)
at com.techshop.hooks.Hooks.initialize(Hooks.java:11)
]]>
    </error>
  </testcase> <!-- runScenario -->
  <testcase classname="com.techshop.runner.Runner" name="runScenario" time="0.040">
    <error message="Cannot invoke &quot;java.util.Properties.getProperty(String)&quot; because &quot;com.techshop.base.Base.property&quot; is null" type="java.lang.NullPointerException">
      <![CDATA[java.lang.NullPointerException: Cannot invoke "java.util.Properties.getProperty(String)" because "com.techshop.base.Base.property" is null
at com.techshop.base.Base.setUp(Base.java:35)
at com.techshop.hooks.Hooks.initialize(Hooks.java:11)
]]>
    </error>
  </testcase> <!-- runScenario -->
  <testcase classname="com.techshop.runner.Runner" name="runScenario" time="0.058">
    <error message="Cannot invoke &quot;java.util.Properties.getProperty(String)&quot; because &quot;com.techshop.base.Base.property&quot; is null" type="java.lang.NullPointerException">
      <![CDATA[java.lang.NullPointerException: Cannot invoke "java.util.Properties.getProperty(String)" because "com.techshop.base.Base.property" is null
at com.techshop.base.Base.setUp(Base.java:35)
at com.techshop.hooks.Hooks.initialize(Hooks.java:11)
]]>
    </error>
  </testcase> <!-- runScenario -->
  <testcase classname="com.techshop.runner.Runner" name="runScenario" time="0.021">
    <error message="Cannot invoke &quot;java.util.Properties.getProperty(String)&quot; because &quot;com.techshop.base.Base.property&quot; is null" type="java.lang.NullPointerException">
      <![CDATA[java.lang.NullPointerException: Cannot invoke "java.util.Properties.getProperty(String)" because "com.techshop.base.Base.property" is null
at com.techshop.base.Base.setUp(Base.java:35)
at com.techshop.hooks.Hooks.initialize(Hooks.java:11)
]]>
    </error>
  </testcase> <!-- runScenario -->
  <testcase classname="com.techshop.runner.Runner" name="runScenario" time="0.016">
    <error message="Cannot invoke &quot;java.util.Properties.getProperty(String)&quot; because &quot;com.techshop.base.Base.property&quot; is null" type="java.lang.NullPointerException">
      <![CDATA[java.lang.NullPointerException: Cannot invoke "java.util.Properties.getProperty(String)" because "com.techshop.base.Base.property" is null
at com.techshop.base.Base.setUp(Base.java:35)
at com.techshop.hooks.Hooks.initialize(Hooks.java:11)
]]>
    </error>
  </testcase> <!-- runScenario -->
  <testcase classname="com.techshop.runner.Runner" name="runScenario" time="0.025">
    <error message="Cannot invoke &quot;java.util.Properties.getProperty(String)&quot; because &quot;com.techshop.base.Base.property&quot; is null" type="java.lang.NullPointerException">
      <![CDATA[java.lang.NullPointerException: Cannot invoke "java.util.Properties.getProperty(String)" because "com.techshop.base.Base.property" is null
at com.techshop.base.Base.setUp(Base.java:35)
at com.techshop.hooks.Hooks.initialize(Hooks.java:11)
]]>
    </error>
  </testcase> <!-- runScenario -->
  <testcase classname="com.techshop.runner.Runner" name="runScenario" time="0.021">
    <error message="Cannot invoke &quot;java.util.Properties.getProperty(String)&quot; because &quot;com.techshop.base.Base.property&quot; is null" type="java.lang.NullPointerException">
      <![CDATA[java.lang.NullPointerException: Cannot invoke "java.util.Properties.getProperty(String)" because "com.techshop.base.Base.property" is null
at com.techshop.base.Base.setUp(Base.java:35)
at com.techshop.hooks.Hooks.initialize(Hooks.java:11)
]]>
    </error>
  </testcase> <!-- runScenario -->
  <testcase classname="com.techshop.runner.Runner" name="runScenario" time="0.026">
    <error message="Cannot invoke &quot;java.util.Properties.getProperty(String)&quot; because &quot;com.techshop.base.Base.property&quot; is null" type="java.lang.NullPointerException">
      <![CDATA[java.lang.NullPointerException: Cannot invoke "java.util.Properties.getProperty(String)" because "com.techshop.base.Base.property" is null
at com.techshop.base.Base.setUp(Base.java:35)
at com.techshop.hooks.Hooks.initialize(Hooks.java:11)
]]>
    </error>
  </testcase> <!-- runScenario -->
  <testcase classname="com.techshop.runner.Runner" name="runScenario" time="0.025">
    <error message="Cannot invoke &quot;java.util.Properties.getProperty(String)&quot; because &quot;com.techshop.base.Base.property&quot; is null" type="java.lang.NullPointerException">
      <![CDATA[java.lang.NullPointerException: Cannot invoke "java.util.Properties.getProperty(String)" because "com.techshop.base.Base.property" is null
at com.techshop.base.Base.setUp(Base.java:35)
at com.techshop.hooks.Hooks.initialize(Hooks.java:11)
]]>
    </error>
  </testcase> <!-- runScenario -->
  <testcase classname="com.techshop.runner.Runner" name="runScenario" time="0.018">
    <error message="Cannot invoke &quot;java.util.Properties.getProperty(String)&quot; because &quot;com.techshop.base.Base.property&quot; is null" type="java.lang.NullPointerException">
      <![CDATA[java.lang.NullPointerException: Cannot invoke "java.util.Properties.getProperty(String)" because "com.techshop.base.Base.property" is null
at com.techshop.base.Base.setUp(Base.java:35)
at com.techshop.hooks.Hooks.initialize(Hooks.java:11)
]]>
    </error>
  </testcase> <!-- runScenario -->
  <testcase classname="com.techshop.runner.Runner" name="runScenario" time="0.159">
    <error message="Cannot invoke &quot;java.util.Properties.getProperty(String)&quot; because &quot;com.techshop.base.Base.property&quot; is null" type="java.lang.NullPointerException">
      <![CDATA[java.lang.NullPointerException: Cannot invoke "java.util.Properties.getProperty(String)" because "com.techshop.base.Base.property" is null
at com.techshop.base.Base.setUp(Base.java:35)
at com.techshop.hooks.Hooks.initialize(Hooks.java:11)
]]>
    </error>
  </testcase> <!-- runScenario -->
  <testcase classname="com.techshop.runner.Runner" name="runScenario" time="0.013">
    <error message="Cannot invoke &quot;java.util.Properties.getProperty(String)&quot; because &quot;com.techshop.base.Base.property&quot; is null" type="java.lang.NullPointerException">
      <![CDATA[java.lang.NullPointerException: Cannot invoke "java.util.Properties.getProperty(String)" because "com.techshop.base.Base.property" is null
at com.techshop.base.Base.setUp(Base.java:35)
at com.techshop.hooks.Hooks.initialize(Hooks.java:11)
]]>
    </error>
  </testcase> <!-- runScenario -->
</testsuite> <!-- com.techshop.runner.Runner -->
