<?xml version="1.0" encoding="UTF-8"?>
<!-- Generated by org.testng.reporters.JUnitReportReporter -->
<testsuite skipped="0" hostname="RaselPC" name="com.techshop.runner.ApiRunner" tests="4" failures="0" timestamp="14 Nov 2022 03:45:48 GMT" time="4.654" errors="0">
  <testcase name="runScenario" time="0.511" classname="com.techshop.runner.ApiRunner"/>
  <testcase name="runScenario" time="3.352" classname="com.techshop.runner.ApiRunner"/>
  <testcase name="runScenario" time="0.419" classname="com.techshop.runner.ApiRunner"/>
  <testcase name="runScenario" time="0.372" classname="com.techshop.runner.ApiRunner"/>
</testsuite> <!-- com.techshop.runner.ApiRunner -->
