<?xml version="1.0" encoding="UTF-8"?>
<!-- Generated by org.testng.reporters.JUnitReportReporter -->
<testsuite skipped="0" hostname="RaselPC" name="com.techshop.runner.Runner" tests="2" failures="0" timestamp="20 Nov 2022 15:57:04 GMT" time="0.125" errors="2">
  <testcase name="runScenario" time="0.104" classname="com.techshop.runner.Runner">
    <error type="java.lang.NullPointerException">
      <![CDATA[java.lang.NullPointerException
at com.techshop.base.Base.setUp(Base.java:35)
at com.techshop.hooks.Hooks.initialize(Hooks.java:11)
]]>
    </error>
  </testcase> <!-- runScenario -->
  <testcase name="runScenario" time="0.021" classname="com.techshop.runner.Runner">
    <error type="java.lang.NullPointerException">
      <![CDATA[java.lang.NullPointerException
at com.techshop.base.Base.setUp(Base.java:35)
at com.techshop.hooks.Hooks.initialize(Hooks.java:11)
]]>
    </error>
  </testcase> <!-- runScenario -->
</testsuite> <!-- com.techshop.runner.Runner -->
